#
# There is insufficient memory for the Java Runtime Environment to continue.
# Native memory allocation (mmap) failed to map 201326592 bytes for G1 virtual space
# Possible reasons:
#   The system is out of physical RAM or swap space
#   The process is running with CompressedOops enabled, and the Java Heap may be blocking the growth of the native heap
# Possible solutions:
#   Reduce memory load on the system
#   Increase physical memory or swap space
#   Check if swap backing store is full
#   Decrease Java heap size (-Xmx/-Xms)
#   Decrease number of Java threads
#   Decrease Java thread stack sizes (-Xss)
#   Set larger code cache with -XX:ReservedCodeCacheSize=
#   JVM is running with Zero Based Compressed Oops mode in which the Java heap is
#     placed in the first 32GB address space. The Java Heap base address is the
#     maximum limit for the native heap growth. Please use -XX:HeapBaseMinAddress
#     to set the Java Heap base and to place the Java Heap above 32GB virtual address.
# This output file may be truncated or incomplete.
#
#  Out of Memory Error (os_windows.cpp:3600), pid=13444, tid=14348
#
# JRE version:  (21.0.1+12) (build )
# Java VM: Java HotSpot(TM) 64-Bit Server VM (21.0.1+12-LTS-29, mixed mode, sharing, tiered, compressed oops, compressed class ptrs, g1 gc, windows-amd64)
# No core dump will be written. Minidumps are not enabled by default on client versions of Windows
#

---------------  S U M M A R Y ------------

Command Line: -Dfile.encoding=UTF-8 --module-path=C:\Users\leona\OneDrive\Documentos\NetBeansProjects\MenuAplicacion\build\classes vista.test

Host: Intel(R) Core(TM) i7-7500U CPU @ 2.70GHz, 4 cores, 11G,  Windows 10 , 64 bit Build 19041 (10.0.19041.3636)
Time: Wed Feb 28 18:59:02 2024 Hora est. Pacífico, Sudamérica elapsed time: 0.017785 seconds (0d 0h 0m 0s)

---------------  T H R E A D  ---------------

Current thread (0x0000029af1f26cd0):  JavaThread "Unknown thread" [_thread_in_vm, id=14348, stack(0x000000ba3bc00000,0x000000ba3bd00000) (1024K)]

Stack: [0x000000ba3bc00000,0x000000ba3bd00000]
Native frames: (J=compiled Java code, j=interpreted, Vv=VM code, C=native code)
V  [jvm.dll+0x6c9029]
V  [jvm.dll+0x854b81]
V  [jvm.dll+0x856e5e]
V  [jvm.dll+0x857543]
V  [jvm.dll+0x280c06]
V  [jvm.dll+0x6c5715]
V  [jvm.dll+0x6ba10a]
V  [jvm.dll+0x3557ea]
V  [jvm.dll+0x35d436]
V  [jvm.dll+0x3ae1be]
V  [jvm.dll+0x3ae468]
V  [jvm.dll+0x3291fc]
V  [jvm.dll+0x329d8b]
V  [jvm.dll+0x81d179]
V  [jvm.dll+0x3bb4f1]
V  [jvm.dll+0x805ae8]
V  [jvm.dll+0x44effe]
V  [jvm.dll+0x450901]
C  [jli.dll+0x52a3]
C  [ucrtbase.dll+0x21bb2]
C  [KERNEL32.DLL+0x17344]
C  [ntdll.dll+0x526b1]


---------------  P R O C E S S  ---------------

Threads class SMR info:
_java_thread_list=0x00007ffe358a9b88, length=0, elements={
}

Java Threads: ( => current thread )
Total: 0

Other Threads:
  0x0000029af421b5e0 WorkerThread "GC Thread#0"                     [id=9084, stack(0x000000ba3bd00000,0x000000ba3be00000) (1024K)]
  0x0000029af4228d50 ConcurrentGCThread "G1 Main Marker"            [id=15800, stack(0x000000ba3be00000,0x000000ba3bf00000) (1024K)]
  0x0000029af4229f00 WorkerThread "G1 Conc#0"                       [id=12408, stack(0x000000ba3bf00000,0x000000ba3c000000) (1024K)]

[error occurred during error reporting (printing all threads), id 0xc0000005, EXCEPTION_ACCESS_VIOLATION (0xc0000005) at pc=0x00007ffe3501c2c7]
VM state: not at safepoint (not fully initialized)

VM Mutex/Monitor currently owned by a thread:  ([mutex/lock_event])
[0x00007ffe3591a6f8] Heap_lock - owner thread: 0x0000029af1f26cd0

Heap address: 0x0000000741400000, size: 3052 MB, Compressed Oops mode: Zero based, Oop shift amount: 3

CDS archive(s) mapped at: [0x0000000000000000-0x0000000000000000-0x0000000000000000), size 0, SharedBaseAddress: 0x0000000800000000, ArchiveRelocationMode: 1.
Narrow klass base: 0x0000000000000000, Narrow klass shift: 0, Narrow klass range: 0x0

GC Precious Log:
 CardTable entry size: 512
 Card Set container configuration: InlinePtr #cards 4 size 8 Array Of Cards #cards 16 size 48 Howl #buckets 8 coarsen threshold 3686 Howl Bitmap #cards 512 size 80 coarsen threshold 460 Card regions per heap region 1 cards per card region 4096

Heap:
 garbage-first heap   total 0K, used 0K [0x0000000741400000, 0x0000000800000000)
  region size 2048K, 0 young (0K), 0 survivors (0K)

[error occurred during error reporting (printing heap information), id 0xc0000005, EXCEPTION_ACCESS_VIOLATION (0xc0000005) at pc=0x00007ffe35401be9]
GC Heap History (0 events):
No events

Dll operation events (1 events):
Event: 0.013 Loaded shared library C:\Program Files\Java\jdk-21\bin\java.dll

Deoptimization events (0 events):
No events

Classes loaded (0 events):
No events

Classes unloaded (0 events):
No events

Classes redefined (0 events):
No events

Internal exceptions (0 events):
No events

ZGC Phase Switch (0 events):
No events

VM Operations (0 events):
No events

Events (0 events):
No events


Dynamic libraries:
0x00007ff6d2030000 - 0x00007ff6d2040000 	C:\Program Files\Java\jdk-21\bin\java.exe
0x00007ffe94e90000 - 0x00007ffe95088000 	C:\WINDOWS\SYSTEM32\ntdll.dll
0x00007ffe94c00000 - 0x00007ffe94cbd000 	C:\WINDOWS\System32\KERNEL32.DLL
0x00007ffe92bd0000 - 0x00007ffe92ec6000 	C:\WINDOWS\System32\KERNELBASE.dll
0x00007ffe92ad0000 - 0x00007ffe92bd0000 	C:\WINDOWS\System32\ucrtbase.dll
0x00007ffe86130000 - 0x00007ffe86149000 	C:\Program Files\Java\jdk-21\bin\jli.dll
0x00007ffe94b40000 - 0x00007ffe94bf3000 	C:\WINDOWS\System32\ADVAPI32.dll
0x00007ffe94cc0000 - 0x00007ffe94d5e000 	C:\WINDOWS\System32\msvcrt.dll
0x00007ffe93ac0000 - 0x00007ffe93b5f000 	C:\WINDOWS\System32\sechost.dll
0x00007ffe93000000 - 0x00007ffe93126000 	C:\WINDOWS\System32\RPCRT4.dll
0x00007ffe92a20000 - 0x00007ffe92a47000 	C:\WINDOWS\System32\bcrypt.dll
0x00007ffe93920000 - 0x00007ffe93abe000 	C:\WINDOWS\System32\USER32.dll
0x00007ffe92aa0000 - 0x00007ffe92ac2000 	C:\WINDOWS\System32\win32u.dll
0x00007ffe93dd0000 - 0x00007ffe93dfb000 	C:\WINDOWS\System32\GDI32.dll
0x00007ffe92550000 - 0x00007ffe92667000 	C:\WINDOWS\System32\gdi32full.dll
0x00007ffe92980000 - 0x00007ffe92a1d000 	C:\WINDOWS\System32\msvcp_win.dll
0x00007ffe8f980000 - 0x00007ffe8f99b000 	C:\Program Files\Java\jdk-21\bin\VCRUNTIME140.dll
0x00007ffe745b0000 - 0x00007ffe7484a000 	C:\WINDOWS\WinSxS\amd64_microsoft.windows.common-controls_6595b64144ccf1df_6.0.19041.3636_none_60b6a03d71f818d5\COMCTL32.dll
0x00007ffe8b9a0000 - 0x00007ffe8b9aa000 	C:\WINDOWS\SYSTEM32\VERSION.dll
0x00007ffe93c70000 - 0x00007ffe93ca2000 	C:\WINDOWS\System32\IMM32.DLL
0x00007ffe8f970000 - 0x00007ffe8f97c000 	C:\Program Files\Java\jdk-21\bin\vcruntime140_1.dll
0x00007ffe6d180000 - 0x00007ffe6d20e000 	C:\Program Files\Java\jdk-21\bin\msvcp140.dll
0x00007ffe34ce0000 - 0x00007ffe359f5000 	C:\Program Files\Java\jdk-21\bin\server\jvm.dll
0x00007ffe93b70000 - 0x00007ffe93bdb000 	C:\WINDOWS\System32\WS2_32.dll
0x00007ffe923b0000 - 0x00007ffe923fb000 	C:\WINDOWS\SYSTEM32\POWRPROF.dll
0x00007ffe7b1b0000 - 0x00007ffe7b1d7000 	C:\WINDOWS\SYSTEM32\WINMM.dll
0x00007ffe92390000 - 0x00007ffe923a2000 	C:\WINDOWS\SYSTEM32\UMPDC.dll
0x00007ffe91000000 - 0x00007ffe91012000 	C:\WINDOWS\SYSTEM32\kernel.appcore.dll
0x00007ffe883c0000 - 0x00007ffe883ca000 	C:\Program Files\Java\jdk-21\bin\jimage.dll
0x00007ffe90ab0000 - 0x00007ffe90c94000 	C:\WINDOWS\SYSTEM32\DBGHELP.DLL
0x00007ffe79800000 - 0x00007ffe79834000 	C:\WINDOWS\SYSTEM32\dbgcore.DLL
0x00007ffe92670000 - 0x00007ffe926f2000 	C:\WINDOWS\System32\bcryptPrimitives.dll
0x00007ffe87ce0000 - 0x00007ffe87cff000 	C:\Program Files\Java\jdk-21\bin\java.dll

dbghelp: loaded successfully - version: 4.0.5 - missing functions: none
symbol engine: initialized successfully - sym options: 0x614 - pdb path: .;C:\Program Files\Java\jdk-21\bin;C:\WINDOWS\SYSTEM32;C:\WINDOWS\WinSxS\amd64_microsoft.windows.common-controls_6595b64144ccf1df_6.0.19041.3636_none_60b6a03d71f818d5;C:\Program Files\Java\jdk-21\bin\server

VM Arguments:
jvm_args: -Dfile.encoding=UTF-8 --module-path=C:\Users\leona\OneDrive\Documentos\NetBeansProjects\MenuAplicacion\build\classes 
java_command: vista.test
java_class_path (initial): C:\Users\leona\OneDrive\Documentos\NetBeansProjects\MenuAplicacion\build\classes
Launcher Type: SUN_STANDARD

[Global flags]
     intx CICompilerCount                          = 3                                         {product} {ergonomic}
     uint ConcGCThreads                            = 1                                         {product} {ergonomic}
     uint G1ConcRefinementThreads                  = 4                                         {product} {ergonomic}
   size_t G1HeapRegionSize                         = 2097152                                   {product} {ergonomic}
    uintx GCDrainStackTargetSize                   = 64                                        {product} {ergonomic}
   size_t InitialHeapSize                          = 201326592                                 {product} {ergonomic}
   size_t MarkStackSize                            = 4194304                                   {product} {ergonomic}
   size_t MaxHeapSize                              = 3200253952                                {product} {ergonomic}
   size_t MinHeapDeltaBytes                        = 2097152                                   {product} {ergonomic}
   size_t MinHeapSize                              = 8388608                                   {product} {ergonomic}
    uintx NonNMethodCodeHeapSize                   = 5832780                                {pd product} {ergonomic}
    uintx NonProfiledCodeHeapSize                  = 122912730                              {pd product} {ergonomic}
    uintx ProfiledCodeHeapSize                     = 122912730                              {pd product} {ergonomic}
    uintx ReservedCodeCacheSize                    = 251658240                              {pd product} {ergonomic}
     bool SegmentedCodeCache                       = true                                      {product} {ergonomic}
   size_t SoftMaxHeapSize                          = 3200253952                             {manageable} {ergonomic}
     bool UseCompressedOops                        = true                           {product lp64_product} {ergonomic}
     bool UseG1GC                                  = true                                      {product} {ergonomic}
     bool UseLargePagesIndividualAllocation        = false                                  {pd product} {ergonomic}

Logging:
Log output configuration:
 #0: stdout all=warning uptime,level,tags foldmultilines=false
 #1: stderr all=off uptime,level,tags foldmultilines=false

Environment Variables:
PATH=C:\Program Files\Common Files\Oracle\Java\javapath;C:\Program Files (x86)\Common Files\Oracle\Java\javapath;C:\windows\system32;C:\windows;C:\windows\System32\Wbem;C:\windows\System32\WindowsPowerShell\v1.0\;C:\windows\System32\OpenSSH\;C:\Program Files (x86)\NVIDIA Corporation\PhysX\Common;C:\WINDOWS\system32;C:\WINDOWS;C:\WINDOWS\System32\Wbem;C:\WINDOWS\System32\WindowsPowerShell\v1.0\;C:\WINDOWS\System32\OpenSSH\;C:\Program Files\Git\cmd;C:\Users\leona\AppData\Local\Programs\Python\Python310\Scripts\;C:\Users\leona\AppData\Local\Programs\Python\Python310\;C:\Users\leona\AppData\Local\Microsoft\WindowsApps;;C:\Users\leona\AppData\Local\Programs\Microsoft VS Code\bin
USERNAME=leona
OS=Windows_NT
PROCESSOR_IDENTIFIER=Intel64 Family 6 Model 142 Stepping 9, GenuineIntel
TMP=C:\Users\leona\AppData\Local\Temp
TEMP=C:\Users\leona\AppData\Local\Temp




Periodic native trim disabled

---------------  S Y S T E M  ---------------

OS:
 Windows 10 , 64 bit Build 19041 (10.0.19041.3636)
OS uptime: 13 days 7:03 hours

CPU: total 4 (initial active 4) (2 cores per cpu, 2 threads per core) family 6 model 142 stepping 9 microcode 0xb4, cx8, cmov, fxsr, ht, mmx, 3dnowpref, sse, sse2, sse3, ssse3, sse4.1, sse4.2, popcnt, lzcnt, tsc, tscinvbit, avx, avx2, aes, erms, clmul, bmi1, bmi2, adx, fma, vzeroupper, clflush, clflushopt, rdtscp, f16c
Processor Information for all 4 processors :
  Max Mhz: 2901, Current Mhz: 2900, Mhz Limit: 2901

Memory: 4k page, system-wide physical 12203M (2528M free)
TotalPageFile size 13203M (AvailPageFile size 162M)
current process WorkingSet (physical memory assigned to process): 10M, peak: 10M
current process commit charge ("private bytes"): 51M, peak: 243M

vm_info: Java HotSpot(TM) 64-Bit Server VM (21.0.1+12-LTS-29) for windows-amd64 JRE (21.0.1+12-LTS-29), built on 2023-10-05T13:27:09Z by "mach5one" with MS VC++ 17.1 (VS2022)

END.
